<?xml version="1.0" encoding="UTF-8"?>
<!-- Generated by org.testng.reporters.JUnitReportReporter -->
<testsuite skipped="0" hostname="Dharmas-MacBook-Air.local" name="testCases.Login_01" tests="2" failures="0" timestamp="03 Aug 2018 10:59:45 GMT" time="28.185" errors="0">
  <testcase name="loginTest2" time="8.327" classname="testCases.Login_01"/>
  <testcase name="loginTest1" time="19.858" classname="testCases.Login_01"/>
</testsuite> <!-- testCases.Login_01 -->
