<?xml version="1.0" encoding="UTF-8"?>
<!-- Generated by org.testng.reporters.JUnitReportReporter -->
<testsuite skipped="0" hostname="Dharmas-MacBook-Air.local" name="testCases.Login_01" tests="1" failures="0" timestamp="30 Aug 2018 08:17:55 GMT" time="32.649" errors="0">
  <testcase name="navigateToSite" time="32.649" classname="testCases.Login_01"/>
</testsuite> <!-- testCases.Login_01 -->
